<?xml version="1.0" encoding="UTF-8"?>
<!-- Generated by org.testng.reporters.JUnitReportReporter -->
<testsuite hostname="DESKTOP-V2ONJQQ" failures="0" tests="3" name="com.ddt.tests.LoginPageTest" time="49.814" errors="0" timestamp="2023-04-23T21:44:34 IST" skipped="0">
  <testcase classname="com.ddt.tests.LoginPageTest" name="loginPageTitleTest" time="13.186"/>
  <system-out/>
  <testcase classname="com.ddt.tests.LoginPageTest" name="freeCRMLogoImageTest" time="11.931"/>
  <system-out/>
  <testcase classname="com.ddt.tests.LoginPageTest" name="loginTest" time="24.697"/>
  <system-out/>
</testsuite> <!-- com.ddt.tests.LoginPageTest -->
